  Program.cpp
C:\Program Files\Microsoft Visual Studio\2022\Community\VC\Tools\MSVC\14.34.31933\include\algorithm(391,14): error C2064: term does not evaluate to a function taking 1 arguments
C:\Users\brand\Documents\GitHub\DataStructures\CPP\SyntaxTree\SyntaxTree\SyntaxTree.h(106,1): message : see reference to function template instantiation '_InIt std::find_if_not<std::_String_const_iterator<std::_String_val<std::_Simple_types<_Elem>>>,bool(__cdecl SyntaxTree<int>::* )(void) const>(_InIt,const _InIt,_Pr)' being compiled
          with
          [
              _InIt=std::_String_const_iterator<std::_String_val<std::_Simple_types<char>>>,
              _Elem=char,
              _Pr=bool (__cdecl SyntaxTree<int>::* )(void) const
          ]
C:\Users\brand\Documents\GitHub\DataStructures\CPP\SyntaxTree\SyntaxTree\SyntaxTree.h(95,1): message : while compiling class template member function 'std::unique_ptr<Node<T>,std::default_delete<Node<T>>> SyntaxTree<T>::readUnary(void)'
          with
          [
              T=int
          ]
C:\Users\brand\Documents\GitHub\DataStructures\CPP\SyntaxTree\SyntaxTree\SyntaxTree.h(82,27): message : see reference to function template instantiation 'std::unique_ptr<Node<T>,std::default_delete<Node<T>>> SyntaxTree<T>::readUnary(void)' being compiled
          with
          [
              T=int
          ]
C:\Users\brand\Documents\GitHub\DataStructures\CPP\SyntaxTree\SyntaxTree\SyntaxTree.h(80,1): message : while compiling class template member function 'std::unique_ptr<Node<T>,std::default_delete<Node<T>>> SyntaxTree<T>::parseExpression(void)'
          with
          [
              T=int
          ]
C:\Users\brand\Documents\GitHub\DataStructures\CPP\SyntaxTree\SyntaxTree\SyntaxTree.h(60,7): message : see reference to function template instantiation 'std::unique_ptr<Node<T>,std::default_delete<Node<T>>> SyntaxTree<T>::parseExpression(void)' being compiled
          with
          [
              T=int
          ]
C:\Users\brand\Documents\GitHub\DataStructures\CPP\SyntaxTree\SyntaxTree\SyntaxTree.h(57,1): message : while compiling class template member function 'SyntaxTree<int>::SyntaxTree(std::string)'
C:\Users\brand\Documents\GitHub\DataStructures\CPP\SyntaxTree\SyntaxTree\Program.cpp(7,18): message : see reference to function template instantiation 'SyntaxTree<int>::SyntaxTree(std::string)' being compiled
C:\Users\brand\Documents\GitHub\DataStructures\CPP\SyntaxTree\SyntaxTree\Program.cpp(7,23): message : see reference to class template instantiation 'SyntaxTree<int>' being compiled
